---------------------------------------------
---------------------------------------------
C:\Users\Rodrigo\Downloads\sketchfab\PythonRipper\Models\Maria Naruse\log.txt
filename: C:\Users\Rodrigo\Downloads\sketchfab\PythonRipper\Models\Maria Naruse\file.osgjs
xxx .osgjs
-----osgParser-----
('---===data:', '', ' type_flg:', ':')
('---===data:', '"Generator":"OpenSceneGraph3.5.6","Version":9,"osg.Node":', ' type_flg:', ':')
('---===data:', '', ' type_flg:', ':')
('---===data:', '"Children":', ' type_flg:', ':')
('---===data:', '', ' type_flg:', ':')
('---===data:', '', ' type_flg:', ':')
('---===data:', '"osg.Node":', ' type_flg:', ':')
('---===data:', '', ' type_flg:', ':')
('---===data:', '"UniqueID":0,"Name":"Maria_Naruse.obj.cleaner.materialmerger.gles","Children":', ' type_flg:', ':')
('---===data:', '', ' type_flg:', ':')
('---===data:', '', ' type_flg:', ':')
('---===data:', '"osg.Node":', ' type_flg:', ':')
('---===data:', '', ' type_flg:', ':')
('---===data:', '"UniqueID":2,"Children":', ' type_flg:', ':')
('---===data:', '', ' type_flg:', ':')
('---===data:', '', ' type_flg:', ':')
('---===data:', '"osg.Geometry":', ' type_flg:', ':')
('---===data:', '', ' type_flg:', ':')
('---===data:', '"UniqueID":3,"PrimitiveSetList":', ' type_flg:', ':')
('---===data:', '', ' type_flg:', ':')
('---===data:', '', ' type_flg:', ':')
('---===data:', '"DrawElementsUInt":', ' type_flg:', ':')
('---===data:', ',"Mode":"TRIANGLE_STRIP"', ' type_flg:', ':')
('---===data:', '"UniqueID":14,"Indices":', ' type_flg:', ':')
('---===data:', ',"ItemSize":1,"Type":"ELEMENT_ARRAY_BUFFER"', ' type_flg:', ':')
('---===data:', '"UniqueID":15,"Array":', ' type_flg:', ':')
('---===data:', '', ' type_flg:', ':')
('---===data:', '"Uint32Array":', ' type_flg:', ':')
('---===data:', '"File":"model_file.bin.gz","Size":1893,"Offset":0,"Encoding":"varint"', ' type_flg:', ':')
('---===data:', '', ' type_flg:', ':')
('---===data:', '"DrawElementsUShort":', ' type_flg:', ':')
('---===data:', ',"Mode":"TRIANGLES"', ' type_flg:', ':')
('---===data:', '"UniqueID":16,"Indices":', ' type_flg:', ':')
('---===data:', ',"ItemSize":1,"Type":"ELEMENT_ARRAY_BUFFER"', ' type_flg:', ':')
('---===data:', '"UniqueID":17,"Array":', ' type_flg:', ':')
('---===data:', '', ' type_flg:', ':')
('---===data:', '"Uint16Array":', ' type_flg:', ':')
('---===data:', '"File":"model_file.bin.gz","Size":141,"Offset":2412,"Encoding":"varint"', ' type_flg:', ':')
('---===data:', ',"StateSet":', ' type_flg:', ':')
('---===data:', '', ' type_flg:', ':')
('---===data:', '"osg.StateSet":', ' type_flg:', ':')
('---===data:', '', ' type_flg:', ':')
('---===data:', '"UniqueID":4,"AttributeList":', ' type_flg:', ':')
('---===data:', '', ' type_flg:', ':')
('---===data:', '', ' type_flg:', ':')
('---===data:', '"osg.Material":', ' type_flg:', ':')
('---===data:', '', ' type_flg:', ':')
('---===data:', '"UniqueID":8,"Name":"phong1SG","Ambient":', ' type_flg:', ':')
('---===data:', '0.3,0.3,0.3,1', ' type_flg:', ':')
('---===data:', ',"Diffuse":', ' type_flg:', ':')
('---===data:', '1,1,1,1', ' type_flg:', ':')
('---===data:', ',"Emission":', ' type_flg:', ':')
('---===data:', '0,0,0,1', ' type_flg:', ':')
('---===data:', ',"Shininess":2.304,"Specular":', ' type_flg:', ':')
('---===data:', '0,0,0,1', ' type_flg:', ':')
('---===data:', ',"TextureAttributeList":', ' type_flg:', ':')
('---===data:', '', ' type_flg:', ':')
('---===data:', '', ' type_flg:', ':')
('---===data:', '', ' type_flg:', ':')
('---===data:', '"osg.Texture":', ' type_flg:', ':')
('---===data:', '"UniqueID":6,"File":"textures/0159c56a7f2d496d838385cd0724a204/6fc641be69194c8b9153b9684fff27d9.png","MagFilter":"LINEAR","MinFilter":"LINEAR_MIPMAP_LINEAR","WrapS":"REPEAT","WrapT":"REPEAT"', ' type_flg:', ':')
('---===data:', '', ' type_flg:', ':')
('---===data:', '', ' type_flg:', ':')
('---===data:', '"osg.Texture":', ' type_flg:', ':')
('---===data:', '"UniqueID":7,"File":"textures/0159c56a7f2d496d838385cd0724a204/6fc641be69194c8b9153b9684fff27d9.png","MagFilter":"LINEAR","MinFilter":"LINEAR_MIPMAP_LINEAR","WrapS":"REPEAT","WrapT":"REPEAT"', ' type_flg:', ':')
('---===data:', ',"UserDataContainer":', ' type_flg:', ':')
('---===data:', '', ' type_flg:', ':')
('---===data:', '"UniqueID":5,"Values":', ' type_flg:', ':')
('---===data:', '', ' type_flg:', ':')
('---===data:', '"Name":"source","Value":"wavefront"', ' type_flg:', ':')
('---===data:', '"', ' type_flg:', ':')
('---===data:', '"Name":"ka","Value":"', ' type_flg:', ':')
('---===data:', '0.3,0.3,0.3', ' type_flg:', ':')
('---===data:', '"', ' type_flg:', ':')
('---===data:', '"Name":"kd","Value":"', ' type_flg:', ':')
('---===data:', '1,1,1', ' type_flg:', ':')
('---===data:', '"', ' type_flg:', ':')
('---===data:', '"Name":"ks","Value":"', ' type_flg:', ':')
('---===data:', '0.5,0.5,0.5', ' type_flg:', ':')
('---===data:', '"Name":"ns","Value":"18"', ' type_flg:', ':')
('---===data:', '"Name":"sharpness","Value":"0"', ' type_flg:', ':')
('---===data:', '"', ' type_flg:', ':')
('---===data:', '"Name":"emissive","Value":"', ' type_flg:', ':')
('---===data:', '0,0,0', ' type_flg:', ':')
('---===data:', '"Name":"tr","Value":"1"', ' type_flg:', ':')
('---===data:', '"Name":"map_kd","Value":"0"', ' type_flg:', ':')
('---===data:', '"Name":"map_ka","Value":"1"', ' type_flg:', ':')
('---===data:', '"Name":"UniqueID","Value":"1"', ' type_flg:', ':')
('---===data:', ',"UserDataContainer":', ' type_flg:', ':')
('---===data:', '', ' type_flg:', ':')
('---===data:', '"UniqueID":9,"Values":', ' type_flg:', ':')
('---===data:', '', ' type_flg:', ':')
('---===data:', '"Name":"attributes","Value":"55"', ' type_flg:', ':')
('---===data:', '"Name":"vertex_bits","Value":"12"', ' type_flg:', ':')
('---===data:', '"Name":"vertex_mode","Value":"3"', ' type_flg:', ':')
('---===data:', '"Name":"uv_0_bits","Value":"14"', ' type_flg:', ':')
('---===data:', '"Name":"uv_0_mode","Value":"3"', ' type_flg:', ':')
('---===data:', '"Name":"epsilon","Value":"0.25"', ' type_flg:', ':')
('---===data:', '"Name":"nphi","Value":"720"', ' type_flg:', ':')
('---===data:', '"Name":"triangle_mode","Value":"7"', ' type_flg:', ':')
('---===data:', '"Name":"vertex_obits","Value":"16"', ' type_flg:', ':')
('---===data:', '"Name":"vtx_bbl_x","Value":"-0.752089"', ' type_flg:', ':')
('---===data:', '"Name":"vtx_bbl_y","Value":"-1.09205"', ' type_flg:', ':')
('---===data:', '"Name":"vtx_bbl_z","Value":"3.50258"', ' type_flg:', ':')
('---===data:', '"Name":"vtx_h_x","Value":"5.07153e-05"', ' type_flg:', ':')
('---===data:', '"Name":"vtx_h_y","Value":"6.04595e-05"', ' type_flg:', ':')
('---===data:', '"Name":"vtx_h_z","Value":"8.1575e-05"', ' type_flg:', ':')
('---===data:', '"Name":"uv_0_bbl_x","Value":"0.022782"', ' type_flg:', ':')
('---===data:', '"Name":"uv_0_bbl_y","Value":"0.040496"', ' type_flg:', ':')
('---===data:', '"Name":"uv_0_h_x","Value":"0.000116601"', ' type_flg:', ':')
('---===data:', '"Name":"uv_0_h_y","Value":"0.000115639"', ' type_flg:', ':')
('---===data:', ',"VertexAttributeList":', ' type_flg:', ':')
('---===data:', '', ' type_flg:', ':')
('---===data:', '"Normal":', ' type_flg:', ':')
('---===data:', ',"ItemSize":2,"Type":"ARRAY_BUFFER"', ' type_flg:', ':')
('---===data:', '"UniqueID":11,"Array":', ' type_flg:', ':')
('---===data:', '', ' type_flg:', ':')
('---===data:', '"Uint32Array":', ' type_flg:', ':')
('---===data:', '"File":"model_file.bin.gz","Size":1465,"Offset":2616,"Encoding":"varint"', ' type_flg:', ':')
('---===data:', ',"Tangent":', ' type_flg:', ':')
('---===data:', ',"ItemSize":2,"Type":"ARRAY_BUFFER"', ' type_flg:', ':')
('---===data:', '"UniqueID":13,"Array":', ' type_flg:', ':')
('---===data:', '', ' type_flg:', ':')
('---===data:', '"Uint32Array":', ' type_flg:', ':')
('---===data:', '"File":"model_file.bin.gz","Size":1465,"Offset":8256,"Encoding":"varint"', ' type_flg:', ':')
('---===data:', ',"TexCoord0":', ' type_flg:', ':')
('---===data:', ',"ItemSize":2,"Type":"ARRAY_BUFFER"', ' type_flg:', ':')
('---===data:', '"UniqueID":12,"Array":', ' type_flg:', ':')
('---===data:', '', ' type_flg:', ':')
('---===data:', '"Int32Array":', ' type_flg:', ':')
('---===data:', '"File":"model_file.bin.gz","Size":1465,"Offset":13572,"Encoding":"varint"', ' type_flg:', ':')
('---===data:', ',"Vertex":', ' type_flg:', ':')
('---===data:', ',"ItemSize":3,"Type":"ARRAY_BUFFER"', ' type_flg:', ':')
('---===data:', '"UniqueID":10,"Array":', ' type_flg:', ':')
('---===data:', '', ' type_flg:', ':')
('---===data:', '"Int32Array":', ' type_flg:', ':')
('---===data:', '"File":"model_file.bin.gz","Size":1465,"Offset":17396,"Encoding":"varint"', ' type_flg:', ':')
('---===data:', '', ' type_flg:', ':')
('---===data:', '"osg.Geometry":', ' type_flg:', ':')
('---===data:', '', ' type_flg:', ':')
('---===data:', '"UniqueID":18,"PrimitiveSetList":', ' type_flg:', ':')
('---===data:', '', ' type_flg:', ':')
('---===data:', '', ' type_flg:', ':')
('---===data:', '"DrawElementsUInt":', ' type_flg:', ':')
('---===data:', ',"Mode":"TRIANGLE_STRIP"', ' type_flg:', ':')
('---===data:', '"UniqueID":29,"Indices":', ' type_flg:', ':')
('---===data:', ',"ItemSize":1,"Type":"ELEMENT_ARRAY_BUFFER"', ' type_flg:', ':')
('---===data:', '"UniqueID":30,"Array":', ' type_flg:', ':')
('---===data:', '', ' type_flg:', ':')
('---===data:', '"Uint32Array":', ' type_flg:', ':')
('---===data:', '"File":"model_file.bin.gz","Size":277,"Offset":25036,"Encoding":"varint"', ' type_flg:', ':')
('---===data:', '', ' type_flg:', ':')
('---===data:', '"DrawElementsUByte":', ' type_flg:', ':')
('---===data:', ',"Mode":"TRIANGLES"', ' type_flg:', ':')
('---===data:', '"UniqueID":31,"Indices":', ' type_flg:', ':')
('---===data:', ',"ItemSize":1,"Type":"ELEMENT_ARRAY_BUFFER"', ' type_flg:', ':')
('---===data:', '"UniqueID":32,"Array":', ' type_flg:', ':')
('---===data:', '', ' type_flg:', ':')
('---===data:', '"Uint8Array":', ' type_flg:', ':')
('---===data:', '"File":"model_file.bin.gz","Size":6,"Offset":25368', ' type_flg:', ':')
('---===data:', ',"StateSet":', ' type_flg:', ':')
('---===data:', '', ' type_flg:', ':')
('---===data:', '"osg.StateSet":', ' type_flg:', ':')
('---===data:', '', ' type_flg:', ':')
('---===data:', '"UniqueID":19,"AttributeList":', ' type_flg:', ':')
('---===data:', '', ' type_flg:', ':')
('---===data:', '', ' type_flg:', ':')
('---===data:', '"osg.Material":', ' type_flg:', ':')
('---===data:', '', ' type_flg:', ':')
('---===data:', '"UniqueID":23,"Name":"phong2SG","Ambient":', ' type_flg:', ':')
('---===data:', '0.3,0.3,0.3,1', ' type_flg:', ':')
('---===data:', ',"Diffuse":', ' type_flg:', ':')
('---===data:', '1,1,1,1', ' type_flg:', ':')
('---===data:', ',"Emission":', ' type_flg:', ':')
('---===data:', '0,0,0,1', ' type_flg:', ':')
('---===data:', ',"Shininess":1.28,"Specular":', ' type_flg:', ':')
('---===data:', '0,0,0,1', ' type_flg:', ':')
('---===data:', ',"TextureAttributeList":', ' type_flg:', ':')
('---===data:', '', ' type_flg:', ':')
('---===data:', '', ' type_flg:', ':')
('---===data:', '', ' type_flg:', ':')
('---===data:', '"osg.Texture":', ' type_flg:', ':')
('---===data:', '"UniqueID":21,"File":"textures/5ec3de03cc56486a93804e072a5c32c1/087d9e4c861249fba3bde4565524d9fd.png","MagFilter":"LINEAR","MinFilter":"LINEAR_MIPMAP_LINEAR","WrapS":"REPEAT","WrapT":"REPEAT"', ' type_flg:', ':')
('---===data:', '', ' type_flg:', ':')
('---===data:', '', ' type_flg:', ':')
('---===data:', '"osg.Texture":', ' type_flg:', ':')
('---===data:', '"UniqueID":22,"File":"textures/5ec3de03cc56486a93804e072a5c32c1/087d9e4c861249fba3bde4565524d9fd.png","MagFilter":"LINEAR","MinFilter":"LINEAR_MIPMAP_LINEAR","WrapS":"REPEAT","WrapT":"REPEAT"', ' type_flg:', ':')
('---===data:', ',"UserDataContainer":', ' type_flg:', ':')
('---===data:', '', ' type_flg:', ':')
('---===data:', '"UniqueID":20,"Values":', ' type_flg:', ':')
('---===data:', '', ' type_flg:', ':')
('---===data:', '"Name":"source","Value":"wavefront"', ' type_flg:', ':')
('---===data:', '"', ' type_flg:', ':')
('---===data:', '"Name":"ka","Value":"', ' type_flg:', ':')
('---===data:', '0.3,0.3,0.3', ' type_flg:', ':')
('---===data:', '"', ' type_flg:', ':')
('---===data:', '"Name":"kd","Value":"', ' type_flg:', ':')
('---===data:', '1,1,1', ' type_flg:', ':')
('---===data:', '"', ' type_flg:', ':')
('---===data:', '"Name":"ks","Value":"', ' type_flg:', ':')
('---===data:', '0.12,0.12,0.12', ' type_flg:', ':')
('---===data:', '"Name":"ns","Value":"10"', ' type_flg:', ':')
('---===data:', '"Name":"sharpness","Value":"0"', ' type_flg:', ':')
('---===data:', '"', ' type_flg:', ':')
('---===data:', '"Name":"emissive","Value":"', ' type_flg:', ':')
('---===data:', '0,0,0', ' type_flg:', ':')
('---===data:', '"Name":"tr","Value":"1"', ' type_flg:', ':')
('---===data:', '"Name":"map_kd","Value":"0"', ' type_flg:', ':')
('---===data:', '"Name":"map_ka","Value":"1"', ' type_flg:', ':')
('---===data:', '"Name":"UniqueID","Value":"2"', ' type_flg:', ':')
('---===data:', ',"UserDataContainer":', ' type_flg:', ':')
('---===data:', '', ' type_flg:', ':')
('---===data:', '"UniqueID":24,"Values":', ' type_flg:', ':')
('---===data:', '', ' type_flg:', ':')
('---===data:', '"Name":"attributes","Value":"55"', ' type_flg:', ':')
('---===data:', '"Name":"vertex_bits","Value":"12"', ' type_flg:', ':')
('---===data:', '"Name":"vertex_mode","Value":"3"', ' type_flg:', ':')
('---===data:', '"Name":"uv_0_bits","Value":"14"', ' type_flg:', ':')
('---===data:', '"Name":"uv_0_mode","Value":"3"', ' type_flg:', ':')
('---===data:', '"Name":"epsilon","Value":"0.25"', ' type_flg:', ':')
('---===data:', '"Name":"nphi","Value":"720"', ' type_flg:', ':')
('---===data:', '"Name":"triangle_mode","Value":"7"', ' type_flg:', ':')
('---===data:', '"Name":"vertex_obits","Value":"15"', ' type_flg:', ':')
('---===data:', '"Name":"vtx_bbl_x","Value":"-0.188338"', ' type_flg:', ':')
('---===data:', '"Name":"vtx_bbl_y","Value":"-0.982977"', ' type_flg:', ':')
('---===data:', '"Name":"vtx_bbl_z","Value":"3.76647"', ' type_flg:', ':')
('---===data:', '"Name":"vtx_h_x","Value":"5.07153e-05"', ' type_flg:', ':')
('---===data:', '"Name":"vtx_h_y","Value":"6.04595e-05"', ' type_flg:', ':')
('---===data:', '"Name":"vtx_h_z","Value":"8.1575e-05"', ' type_flg:', ':')
('---===data:', '"Name":"uv_0_bbl_x","Value":"0.416255"', ' type_flg:', ':')
('---===data:', '"Name":"uv_0_bbl_y","Value":"0.682358"', ' type_flg:', ':')
('---===data:', '"Name":"uv_0_h_x","Value":"6.83877e-05"', ' type_flg:', ':')
('---===data:', '"Name":"uv_0_h_y","Value":"3.31933e-05"', ' type_flg:', ':')
('---===data:', ',"VertexAttributeList":', ' type_flg:', ':')
('---===data:', '', ' type_flg:', ':')
('---===data:', '"Normal":', ' type_flg:', ':')
('---===data:', ',"ItemSize":2,"Type":"ARRAY_BUFFER"', ' type_flg:', ':')
('---===data:', '"UniqueID":26,"Array":', ' type_flg:', ':')
('---===data:', '', ' type_flg:', ':')
('---===data:', '"Uint32Array":', ' type_flg:', ':')
('---===data:', '"File":"model_file.bin.gz","Size":185,"Offset":25376,"Encoding":"varint"', ' type_flg:', ':')
('---===data:', ',"Tangent":', ' type_flg:', ':')
('---===data:', ',"ItemSize":2,"Type":"ARRAY_BUFFER"', ' type_flg:', ':')
('---===data:', '"UniqueID":28,"Array":', ' type_flg:', ':')
('---===data:', '', ' type_flg:', ':')
('---===data:', '"Uint32Array":', ' type_flg:', ':')
('---===data:', '"File":"model_file.bin.gz","Size":185,"Offset":26088,"Encoding":"varint"', ' type_flg:', ':')
('---===data:', ',"TexCoord0":', ' type_flg:', ':')
('---===data:', ',"ItemSize":2,"Type":"ARRAY_BUFFER"', ' type_flg:', ':')
('---===data:', '"UniqueID":27,"Array":', ' type_flg:', ':')
('---===data:', '', ' type_flg:', ':')
('---===data:', '"Int32Array":', ' type_flg:', ':')
('---===data:', '"File":"model_file.bin.gz","Size":185,"Offset":26760,"Encoding":"varint"', ' type_flg:', ':')
('---===data:', ',"Vertex":', ' type_flg:', ':')
('---===data:', ',"ItemSize":3,"Type":"ARRAY_BUFFER"', ' type_flg:', ':')
('---===data:', '"UniqueID":25,"Array":', ' type_flg:', ':')
('---===data:', '', ' type_flg:', ':')
('---===data:', '"Int32Array":', ' type_flg:', ':')
('---===data:', '"File":"model_file.bin.gz","Size":185,"Offset":27368,"Encoding":"varint"', ' type_flg:', ':')
('---===data:', '', ' type_flg:', ':')
('---===data:', '"osg.Geometry":', ' type_flg:', ':')
('---===data:', '', ' type_flg:', ':')
('---===data:', '"UniqueID":33,"PrimitiveSetList":', ' type_flg:', ':')
('---===data:', '', ' type_flg:', ':')
('---===data:', '', ' type_flg:', ':')
('---===data:', '"DrawElementsUInt":', ' type_flg:', ':')
('---===data:', ',"Mode":"TRIANGLE_STRIP"', ' type_flg:', ':')
('---===data:', '"UniqueID":39,"Indices":', ' type_flg:', ':')
('---===data:', ',"ItemSize":1,"Type":"ELEMENT_ARRAY_BUFFER"', ' type_flg:', ':')
('---===data:', '"UniqueID":40,"Array":', ' type_flg:', ':')
('---===data:', '', ' type_flg:', ':')
('---===data:', '"Uint32Array":', ' type_flg:', ':')
('---===data:', '"File":"model_file.bin.gz","Size":4777,"Offset":28292,"Encoding":"varint"', ' type_flg:', ':')
('---===data:', '', ' type_flg:', ':')
('---===data:', '"DrawElementsUShort":', ' type_flg:', ':')
('---===data:', ',"Mode":"TRIANGLES"', ' type_flg:', ':')
('---===data:', '"UniqueID":41,"Indices":', ' type_flg:', ':')
('---===data:', ',"ItemSize":1,"Type":"ELEMENT_ARRAY_BUFFER"', ' type_flg:', ':')
('---===data:', '"UniqueID":42,"Array":', ' type_flg:', ':')
('---===data:', '', ' type_flg:', ':')
('---===data:', '"Uint16Array":', ' type_flg:', ':')
('---===data:', '"File":"model_file.bin.gz","Size":426,"Offset":34472,"Encoding":"varint"', ' type_flg:', ':')
('---===data:', ',"StateSet":', ' type_flg:', ':')
('---===data:', '', ' type_flg:', ':')
('---===data:', '"osg.StateSet":', ' type_flg:', ':')
('---===data:', '"UniqueID":19', ' type_flg:', ':')
('---===data:', ',"UserDataContainer":', ' type_flg:', ':')
('---===data:', '', ' type_flg:', ':')
('---===data:', '"UniqueID":34,"Values":', ' type_flg:', ':')
('---===data:', '', ' type_flg:', ':')
('---===data:', '"Name":"attributes","Value":"55"', ' type_flg:', ':')
('---===data:', '"Name":"vertex_bits","Value":"16"', ' type_flg:', ':')
('---===data:', '"Name":"vertex_mode","Value":"3"', ' type_flg:', ':')
('---===data:', '"Name":"uv_0_bits","Value":"14"', ' type_flg:', ':')
('---===data:', '"Name":"uv_0_mode","Value":"3"', ' type_flg:', ':')
('---===data:', '"Name":"epsilon","Value":"0.25"', ' type_flg:', ':')
('---===data:', '"Name":"nphi","Value":"720"', ' type_flg:', ':')
('---===data:', '"Name":"triangle_mode","Value":"7"', ' type_flg:', ':')
('---===data:', '"Name":"vertex_obits","Value":"16"', ' type_flg:', ':')
('---===data:', '"Name":"vtx_bbl_x","Value":"-1.09492"', ' type_flg:', ':')
('---===data:', '"Name":"vtx_bbl_y","Value":"-1.02306"', ' type_flg:', ':')
('---===data:', '"Name":"vtx_bbl_z","Value":"2.78374"', ' type_flg:', ':')
('---===data:', '"Name":"vtx_h_x","Value":"5.07153e-05"', ' type_flg:', ':')
('---===data:', '"Name":"vtx_h_y","Value":"6.04595e-05"', ' type_flg:', ':')
('---===data:', '"Name":"vtx_h_z","Value":"8.1575e-05"', ' type_flg:', ':')
('---===data:', '"Name":"uv_0_bbl_x","Value":"0.021925"', ' type_flg:', ':')
('---===data:', '"Name":"uv_0_bbl_y","Value":"0.02001"', ' type_flg:', ':')
('---===data:', '"Name":"uv_0_h_x","Value":"0.000116916"', ' type_flg:', ':')
('---===data:', '"Name":"uv_0_h_y","Value":"0.000117365"', ' type_flg:', ':')
('---===data:', ',"VertexAttributeList":', ' type_flg:', ':')
('---===data:', '', ' type_flg:', ':')
('---===data:', '"Normal":', ' type_flg:', ':')
('---===data:', ',"ItemSize":2,"Type":"ARRAY_BUFFER"', ' type_flg:', ':')
('---===data:', '"UniqueID":36,"Array":', ' type_flg:', ':')
('---===data:', '', ' type_flg:', ':')
('---===data:', '"Uint32Array":', ' type_flg:', ':')
('---===data:', '"File":"model_file.bin.gz","Size":3316,"Offset":35072,"Encoding":"varint"', ' type_flg:', ':')
('---===data:', ',"Tangent":', ' type_flg:', ':')
('---===data:', ',"ItemSize":2,"Type":"ARRAY_BUFFER"', ' type_flg:', ':')
('---===data:', '"UniqueID":38,"Array":', ' type_flg:', ':')
('---===data:', '', ' type_flg:', ':')
('---===data:', '"Uint32Array":', ' type_flg:', ':')
('---===data:', '"File":"model_file.bin.gz","Size":3316,"Offset":47676,"Encoding":"varint"', ' type_flg:', ':')
('---===data:', ',"TexCoord0":', ' type_flg:', ':')
('---===data:', ',"ItemSize":2,"Type":"ARRAY_BUFFER"', ' type_flg:', ':')
('---===data:', '"UniqueID":37,"Array":', ' type_flg:', ':')
('---===data:', '', ' type_flg:', ':')
('---===data:', '"Int32Array":', ' type_flg:', ':')
('---===data:', '"File":"model_file.bin.gz","Size":3316,"Offset":59848,"Encoding":"varint"', ' type_flg:', ':')
('---===data:', ',"Vertex":', ' type_flg:', ':')
('---===data:', ',"ItemSize":3,"Type":"ARRAY_BUFFER"', ' type_flg:', ':')
('---===data:', '"UniqueID":35,"Array":', ' type_flg:', ':')
('---===data:', '', ' type_flg:', ':')
('---===data:', '"Int32Array":', ' type_flg:', ':')
('---===data:', '"File":"model_file.bin.gz","Size":3316,"Offset":68304,"Encoding":"varint"', ' type_flg:', ':')
('---===data:', '', ' type_flg:', ':')
('---===data:', '"osg.Geometry":', ' type_flg:', ':')
('---===data:', '', ' type_flg:', ':')
('---===data:', '"UniqueID":43,"PrimitiveSetList":', ' type_flg:', ':')
('---===data:', '', ' type_flg:', ':')
('---===data:', '', ' type_flg:', ':')
('---===data:', '"DrawElementsUInt":', ' type_flg:', ':')
('---===data:', ',"Mode":"TRIANGLE_STRIP"', ' type_flg:', ':')
('---===data:', '"UniqueID":54,"Indices":', ' type_flg:', ':')
('---===data:', ',"ItemSize":1,"Type":"ELEMENT_ARRAY_BUFFER"', ' type_flg:', ':')
('---===data:', '"UniqueID":55,"Array":', ' type_flg:', ':')
('---===data:', '', ' type_flg:', ':')
('---===data:', '"Uint32Array":', ' type_flg:', ':')
('---===data:', '"File":"model_file.bin.gz","Size":1388,"Offset":84984,"Encoding":"varint"', ' type_flg:', ':')
('---===data:', '', ' type_flg:', ':')
('---===data:', '"DrawElementsUShort":', ' type_flg:', ':')
('---===data:', ',"Mode":"TRIANGLES"', ' type_flg:', ':')
('---===data:', '"UniqueID":56,"Indices":', ' type_flg:', ':')
('---===data:', ',"ItemSize":1,"Type":"ELEMENT_ARRAY_BUFFER"', ' type_flg:', ':')
('---===data:', '"UniqueID":57,"Array":', ' type_flg:', ':')
('---===data:', '', ' type_flg:', ':')
('---===data:', '"Uint16Array":', ' type_flg:', ':')
('---===data:', '"File":"model_file.bin.gz","Size":60,"Offset":86696,"Encoding":"varint"', ' type_flg:', ':')
('---===data:', ',"StateSet":', ' type_flg:', ':')
('---===data:', '', ' type_flg:', ':')
('---===data:', '"osg.StateSet":', ' type_flg:', ':')
('---===data:', '', ' type_flg:', ':')
('---===data:', '"UniqueID":44,"AttributeList":', ' type_flg:', ':')
('---===data:', '', ' type_flg:', ':')
('---===data:', '', ' type_flg:', ':')
('---===data:', '"osg.Material":', ' type_flg:', ':')
('---===data:', '', ' type_flg:', ':')
('---===data:', '"UniqueID":48,"Name":"phong3SG","Ambient":', ' type_flg:', ':')
('---===data:', '0.3,0.3,0.3,1', ' type_flg:', ':')
('---===data:', ',"Diffuse":', ' type_flg:', ':')
('---===data:', '1,1,1,1', ' type_flg:', ':')
('---===data:', ',"Emission":', ' type_flg:', ':')
('---===data:', '0,0,0,1', ' type_flg:', ':')
('---===data:', ',"Shininess":2.304,"Specular":', ' type_flg:', ':')
('---===data:', '0,0,0,1', ' type_flg:', ':')
('---===data:', ',"TextureAttributeList":', ' type_flg:', ':')
('---===data:', '', ' type_flg:', ':')
('---===data:', '', ' type_flg:', ':')
('---===data:', '', ' type_flg:', ':')
('---===data:', '"osg.Texture":', ' type_flg:', ':')
('---===data:', '"UniqueID":46,"File":"textures/ce303ac659e7437abd73d540c8893dcc/9580649b225b43f7b3b297b487067aef.png","MagFilter":"LINEAR","MinFilter":"LINEAR_MIPMAP_LINEAR","WrapS":"REPEAT","WrapT":"REPEAT"', ' type_flg:', ':')
('---===data:', '', ' type_flg:', ':')
('---===data:', '', ' type_flg:', ':')
('---===data:', '"osg.Texture":', ' type_flg:', ':')
('---===data:', '"UniqueID":47,"File":"textures/ce303ac659e7437abd73d540c8893dcc/9580649b225b43f7b3b297b487067aef.png","MagFilter":"LINEAR","MinFilter":"LINEAR_MIPMAP_LINEAR","WrapS":"REPEAT","WrapT":"REPEAT"', ' type_flg:', ':')
('---===data:', ',"UserDataContainer":', ' type_flg:', ':')
('---===data:', '', ' type_flg:', ':')
('---===data:', '"UniqueID":45,"Values":', ' type_flg:', ':')
('---===data:', '', ' type_flg:', ':')
('---===data:', '"Name":"source","Value":"wavefront"', ' type_flg:', ':')
('---===data:', '"', ' type_flg:', ':')
('---===data:', '"Name":"ka","Value":"', ' type_flg:', ':')
('---===data:', '0.3,0.3,0.3', ' type_flg:', ':')
('---===data:', '"', ' type_flg:', ':')
('---===data:', '"Name":"kd","Value":"', ' type_flg:', ':')
('---===data:', '1,1,1', ' type_flg:', ':')
('---===data:', '"', ' type_flg:', ':')
('---===data:', '"Name":"ks","Value":"', ' type_flg:', ':')
('---===data:', '0.5,0.5,0.5', ' type_flg:', ':')
('---===data:', '"Name":"ns","Value":"18"', ' type_flg:', ':')
('---===data:', '"Name":"sharpness","Value":"0"', ' type_flg:', ':')
('---===data:', '"', ' type_flg:', ':')
('---===data:', '"Name":"emissive","Value":"', ' type_flg:', ':')
('---===data:', '0,0,0', ' type_flg:', ':')
('---===data:', '"Name":"tr","Value":"1"', ' type_flg:', ':')
('---===data:', '"Name":"map_kd","Value":"0"', ' type_flg:', ':')
('---===data:', '"Name":"map_ka","Value":"1"', ' type_flg:', ':')
('---===data:', '"Name":"UniqueID","Value":"3"', ' type_flg:', ':')
('---===data:', ',"UserDataContainer":', ' type_flg:', ':')
('---===data:', '', ' type_flg:', ':')
('---===data:', '"UniqueID":49,"Values":', ' type_flg:', ':')
('---===data:', '', ' type_flg:', ':')
('---===data:', '"Name":"attributes","Value":"55"', ' type_flg:', ':')
('---===data:', '"Name":"vertex_bits","Value":"16"', ' type_flg:', ':')
('---===data:', '"Name":"vertex_mode","Value":"3"', ' type_flg:', ':')
('---===data:', '"Name":"uv_0_bits","Value":"14"', ' type_flg:', ':')
('---===data:', '"Name":"uv_0_mode","Value":"3"', ' type_flg:', ':')
('---===data:', '"Name":"epsilon","Value":"0.25"', ' type_flg:', ':')
('---===data:', '"Name":"nphi","Value":"720"', ' type_flg:', ':')
('---===data:', '"Name":"triangle_mode","Value":"7"', ' type_flg:', ':')
('---===data:', '"Name":"vertex_obits","Value":"17"', ' type_flg:', ':')
('---===data:', '"Name":"vtx_bbl_x","Value":"-1.67729"', ' type_flg:', ':')
('---===data:', '"Name":"vtx_bbl_y","Value":"-1.29398"', ' type_flg:', ':')
('---===data:', '"Name":"vtx_bbl_z","Value":"0.0167152"', ' type_flg:', ':')
('---===data:', '"Name":"vtx_h_x","Value":"5.07153e-05"', ' type_flg:', ':')
('---===data:', '"Name":"vtx_h_y","Value":"6.04595e-05"', ' type_flg:', ':')
('---===data:', '"Name":"vtx_h_z","Value":"8.1575e-05"', ' type_flg:', ':')
('---===data:', '"Name":"uv_0_bbl_x","Value":"0.02006"', ' type_flg:', ':')
('---===data:', '"Name":"uv_0_bbl_y","Value":"0.038838"', ' type_flg:', ':')
('---===data:', '"Name":"uv_0_h_x","Value":"0.000118934"', ' type_flg:', ':')
('---===data:', '"Name":"uv_0_h_y","Value":"0.000113581"', ' type_flg:', ':')
('---===data:', ',"VertexAttributeList":', ' type_flg:', ':')
('---===data:', '', ' type_flg:', ':')
('---===data:', '"Normal":', ' type_flg:', ':')
('---===data:', ',"ItemSize":2,"Type":"ARRAY_BUFFER"', ' type_flg:', ':')
('---===data:', '"UniqueID":51,"Array":', ' type_flg:', ':')
('---===data:', '', ' type_flg:', ':')
('---===data:', '"Uint32Array":', ' type_flg:', ':')
('---===data:', '"File":"model_file.bin.gz","Size":1069,"Offset":86776,"Encoding":"varint"', ' type_flg:', ':')
('---===data:', ',"Tangent":', ' type_flg:', ':')
('---===data:', ',"ItemSize":2,"Type":"ARRAY_BUFFER"', ' type_flg:', ':')
('---===data:', '"UniqueID":53,"Array":', ' type_flg:', ':')
('---===data:', '', ' type_flg:', ':')
('---===data:', '"Uint32Array":', ' type_flg:', ':')
('---===data:', '"File":"model_file.bin.gz","Size":1069,"Offset":90752,"Encoding":"varint"', ' type_flg:', ':')
('---===data:', ',"TexCoord0":', ' type_flg:', ':')
('---===data:', ',"ItemSize":2,"Type":"ARRAY_BUFFER"', ' type_flg:', ':')
('---===data:', '"UniqueID":52,"Array":', ' type_flg:', ':')
('---===data:', '', ' type_flg:', ':')
('---===data:', '"Int32Array":', ' type_flg:', ':')
('---===data:', '"File":"model_file.bin.gz","Size":1069,"Offset":94764,"Encoding":"varint"', ' type_flg:', ':')
('---===data:', ',"Vertex":', ' type_flg:', ':')
('---===data:', ',"ItemSize":3,"Type":"ARRAY_BUFFER"', ' type_flg:', ':')
('---===data:', '"UniqueID":50,"Array":', ' type_flg:', ':')
('---===data:', '', ' type_flg:', ':')
('---===data:', '"Int32Array":', ' type_flg:', ':')
('---===data:', '"File":"model_file.bin.gz","Size":1069,"Offset":97512,"Encoding":"varint"', ' type_flg:', ':')
('---===data:', '', ' type_flg:', ':')
('---===data:', '"osg.Geometry":', ' type_flg:', ':')
('---===data:', '', ' type_flg:', ':')
('---===data:', '"UniqueID":58,"PrimitiveSetList":', ' type_flg:', ':')
('---===data:', '', ' type_flg:', ':')
('---===data:', '', ' type_flg:', ':')
('---===data:', '"DrawElementsUInt":', ' type_flg:', ':')
('---===data:', ',"Mode":"TRIANGLE_STRIP"', ' type_flg:', ':')
('---===data:', '"UniqueID":69,"Indices":', ' type_flg:', ':')
('---===data:', ',"ItemSize":1,"Type":"ELEMENT_ARRAY_BUFFER"', ' type_flg:', ':')
('---===data:', '"UniqueID":70,"Array":', ' type_flg:', ':')
('---===data:', '', ' type_flg:', ':')
('---===data:', '"Uint32Array":', ' type_flg:', ':')
('---===data:', '"File":"model_file.bin.gz","Size":31,"Offset":102804,"Encoding":"varint"', ' type_flg:', ':')
('---===data:', ',"StateSet":', ' type_flg:', ':')
('---===data:', '', ' type_flg:', ':')
('---===data:', '"osg.StateSet":', ' type_flg:', ':')
('---===data:', '', ' type_flg:', ':')
('---===data:', '"UniqueID":59,"AttributeList":', ' type_flg:', ':')
('---===data:', '', ' type_flg:', ':')
('---===data:', '', ' type_flg:', ':')
('---===data:', '"osg.Material":', ' type_flg:', ':')
('---===data:', '', ' type_flg:', ':')
('---===data:', '"UniqueID":63,"Name":"phong4SG","Ambient":', ' type_flg:', ':')
('---===data:', '0.3,0.3,0.3,1', ' type_flg:', ':')
('---===data:', ',"Diffuse":', ' type_flg:', ':')
('---===data:', '1,1,1,1', ' type_flg:', ':')
('---===data:', ',"Emission":', ' type_flg:', ':')
('---===data:', '0,0,0,1', ' type_flg:', ':')
('---===data:', ',"Shininess":2.304,"Specular":', ' type_flg:', ':')
('---===data:', '0,0,0,1', ' type_flg:', ':')
('---===data:', ',"TextureAttributeList":', ' type_flg:', ':')
('---===data:', '', ' type_flg:', ':')
('---===data:', '', ' type_flg:', ':')
('---===data:', '', ' type_flg:', ':')
('---===data:', '"osg.Texture":', ' type_flg:', ':')
('---===data:', '"UniqueID":61,"File":"textures/5ec3de03cc56486a93804e072a5c32c1/087d9e4c861249fba3bde4565524d9fd.png","MagFilter":"LINEAR","MinFilter":"LINEAR_MIPMAP_LINEAR","WrapS":"REPEAT","WrapT":"REPEAT"', ' type_flg:', ':')
('---===data:', '', ' type_flg:', ':')
('---===data:', '', ' type_flg:', ':')
('---===data:', '"osg.Texture":', ' type_flg:', ':')
('---===data:', '"UniqueID":62,"File":"textures/5ec3de03cc56486a93804e072a5c32c1/087d9e4c861249fba3bde4565524d9fd.png","MagFilter":"LINEAR","MinFilter":"LINEAR_MIPMAP_LINEAR","WrapS":"REPEAT","WrapT":"REPEAT"', ' type_flg:', ':')
('---===data:', ',"UserDataContainer":', ' type_flg:', ':')
('---===data:', '', ' type_flg:', ':')
('---===data:', '"UniqueID":60,"Values":', ' type_flg:', ':')
('---===data:', '', ' type_flg:', ':')
('---===data:', '"Name":"source","Value":"wavefront"', ' type_flg:', ':')
('---===data:', '"', ' type_flg:', ':')
('---===data:', '"Name":"ka","Value":"', ' type_flg:', ':')
('---===data:', '0.3,0.3,0.3', ' type_flg:', ':')
('---===data:', '"', ' type_flg:', ':')
('---===data:', '"Name":"kd","Value":"', ' type_flg:', ':')
('---===data:', '1,1,1', ' type_flg:', ':')
('---===data:', '"', ' type_flg:', ':')
('---===data:', '"Name":"ks","Value":"', ' type_flg:', ':')
('---===data:', '0.34,0.34,0.34', ' type_flg:', ':')
('---===data:', '"Name":"ns","Value":"18"', ' type_flg:', ':')
('---===data:', '"Name":"sharpness","Value":"0"', ' type_flg:', ':')
('---===data:', '"', ' type_flg:', ':')
('---===data:', '"Name":"emissive","Value":"', ' type_flg:', ':')
('---===data:', '0,0,0', ' type_flg:', ':')
('---===data:', '"Name":"tr","Value":"1"', ' type_flg:', ':')
('---===data:', '"Name":"map_kd","Value":"0"', ' type_flg:', ':')
('---===data:', '"Name":"map_ka","Value":"1"', ' type_flg:', ':')
('---===data:', '"Name":"UniqueID","Value":"4"', ' type_flg:', ':')
('---===data:', ',"UserDataContainer":', ' type_flg:', ':')
('---===data:', '', ' type_flg:', ':')
('---===data:', '"UniqueID":64,"Values":', ' type_flg:', ':')
('---===data:', '', ' type_flg:', ':')
('---===data:', '"Name":"attributes","Value":"55"', ' type_flg:', ':')
('---===data:', '"Name":"vertex_bits","Value":"12"', ' type_flg:', ':')
('---===data:', '"Name":"vertex_mode","Value":"3"', ' type_flg:', ':')
('---===data:', '"Name":"uv_0_bits","Value":"12"', ' type_flg:', ':')
('---===data:', '"Name":"uv_0_mode","Value":"3"', ' type_flg:', ':')
('---===data:', '"Name":"epsilon","Value":"0.25"', ' type_flg:', ':')
('---===data:', '"Name":"nphi","Value":"720"', ' type_flg:', ':')
('---===data:', '"Name":"triangle_mode","Value":"7"', ' type_flg:', ':')
('---===data:', '"Name":"vertex_obits","Value":"14"', ' type_flg:', ':')
('---===data:', '"Name":"vtx_bbl_x","Value":"-0.539795"', ' type_flg:', ':')
('---===data:', '"Name":"vtx_bbl_y","Value":"-0.99918"', ' type_flg:', ':')
('---===data:', '"Name":"vtx_bbl_z","Value":"5.55321"', ' type_flg:', ':')
('---===data:', '"Name":"vtx_h_x","Value":"5.07153e-05"', ' type_flg:', ':')
('---===data:', '"Name":"vtx_h_y","Value":"6.04595e-05"', ' type_flg:', ':')
('---===data:', '"Name":"vtx_h_z","Value":"8.1575e-05"', ' type_flg:', ':')
('---===data:', '"Name":"uv_0_bbl_x","Value":"0.566278"', ' type_flg:', ':')
('---===data:', '"Name":"uv_0_bbl_y","Value":"0.714904"', ' type_flg:', ':')
('---===data:', '"Name":"uv_0_h_x","Value":"9.39531e-05"', ' type_flg:', ':')
('---===data:', '"Name":"uv_0_h_y","Value":"4.52047e-05"', ' type_flg:', ':')
('---===data:', ',"VertexAttributeList":', ' type_flg:', ':')
('---===data:', '', ' type_flg:', ':')
('---===data:', '"Normal":', ' type_flg:', ':')
('---===data:', ',"ItemSize":2,"Type":"ARRAY_BUFFER"', ' type_flg:', ':')
('---===data:', '"UniqueID":66,"Array":', ' type_flg:', ':')
('---===data:', '', ' type_flg:', ':')
('---===data:', '"Uint32Array":', ' type_flg:', ':')
('---===data:', '"File":"model_file.bin.gz","Size":32,"Offset":102840,"Encoding":"varint"', ' type_flg:', ':')
('---===data:', ',"Tangent":', ' type_flg:', ':')
('---===data:', ',"ItemSize":2,"Type":"ARRAY_BUFFER"', ' type_flg:', ':')
('---===data:', '"UniqueID":68,"Array":', ' type_flg:', ':')
('---===data:', '', ' type_flg:', ':')
('---===data:', '"Uint32Array":', ' type_flg:', ':')
('---===data:', '"File":"model_file.bin.gz","Size":32,"Offset":102968,"Encoding":"varint"', ' type_flg:', ':')
('---===data:', ',"TexCoord0":', ' type_flg:', ':')
('---===data:', ',"ItemSize":2,"Type":"ARRAY_BUFFER"', ' type_flg:', ':')
('---===data:', '"UniqueID":67,"Array":', ' type_flg:', ':')
('---===data:', '', ' type_flg:', ':')
('---===data:', '"Int32Array":', ' type_flg:', ':')
('---===data:', '"File":"model_file.bin.gz","Size":32,"Offset":103088,"Encoding":"varint"', ' type_flg:', ':')
('---===data:', ',"Vertex":', ' type_flg:', ':')
('---===data:', ',"ItemSize":3,"Type":"ARRAY_BUFFER"', ' type_flg:', ':')
('---===data:', '"UniqueID":65,"Array":', ' type_flg:', ':')
('---===data:', '', ' type_flg:', ':')
('---===data:', '"Int32Array":', ' type_flg:', ':')
('---===data:', '"File":"model_file.bin.gz","Size":32,"Offset":103204,"Encoding":"varint"', ' type_flg:', ':')
('---===data:', '', ' type_flg:', ':')
('---===data:', '"osg.Geometry":', ' type_flg:', ':')
('---===data:', '', ' type_flg:', ':')
('---===data:', '"UniqueID":71,"PrimitiveSetList":', ' type_flg:', ':')
('---===data:', '', ' type_flg:', ':')
('---===data:', '', ' type_flg:', ':')
('---===data:', '"DrawElementsUShort":', ' type_flg:', ':')
('---===data:', ',"Mode":"LINES"', ' type_flg:', ':')
('---===data:', '"UniqueID":73,"Indices":', ' type_flg:', ':')
('---===data:', ',"ItemSize":1,"Type":"ELEMENT_ARRAY_BUFFER"', ' type_flg:', ':')
('---===data:', '"UniqueID":74,"Array":', ' type_flg:', ':')
('---===data:', '', ' type_flg:', ':')
('---===data:', '"Uint16Array":', ' type_flg:', ':')
('---===data:', '"File":"model_file_wireframe.bin.gz","Size":5122,"Offset":0,"Encoding":"varint"', ' type_flg:', ':')
('---===data:', ',"UserDataContainer":', ' type_flg:', ':')
('---===data:', '', ' type_flg:', ':')
('---===data:', '"UniqueID":72,"Values":', ' type_flg:', ':')
('---===data:', '', ' type_flg:', ':')
('---===data:', '"Name":"wireframe","Value":"1"', ' type_flg:', ':')
('---===data:', '"Name":"attributes","Value":"1"', ' type_flg:', ':')
('---===data:', ',"VertexAttributeList":', ' type_flg:', ':')
('---===data:', '', ' type_flg:', ':')
('---===data:', '"Vertex":', ' type_flg:', ':')
('---===data:', '"UniqueID":10', ' type_flg:', ':')
('---===data:', '', ' type_flg:', ':')
('---===data:', '"osg.Geometry":', ' type_flg:', ':')
('---===data:', '', ' type_flg:', ':')
('---===data:', '"UniqueID":75,"PrimitiveSetList":', ' type_flg:', ':')
('---===data:', '', ' type_flg:', ':')
('---===data:', '', ' type_flg:', ':')
('---===data:', '"DrawElementsUByte":', ' type_flg:', ':')
('---===data:', ',"Mode":"LINES"', ' type_flg:', ':')
('---===data:', '"UniqueID":77,"Indices":', ' type_flg:', ':')
('---===data:', ',"ItemSize":1,"Type":"ELEMENT_ARRAY_BUFFER"', ' type_flg:', ':')
('---===data:', '"UniqueID":78,"Array":', ' type_flg:', ':')
('---===data:', '', ' type_flg:', ':')
('---===data:', '"Uint8Array":', ' type_flg:', ':')
('---===data:', '"File":"model_file_wireframe.bin.gz","Size":716,"Offset":9792', ' type_flg:', ':')
('---===data:', ',"UserDataContainer":', ' type_flg:', ':')
('---===data:', '', ' type_flg:', ':')
('---===data:', '"UniqueID":76,"Values":', ' type_flg:', ':')
('---===data:', '', ' type_flg:', ':')
('---===data:', '"Name":"wireframe","Value":"1"', ' type_flg:', ':')
('---===data:', '"Name":"attributes","Value":"1"', ' type_flg:', ':')
('---===data:', ',"VertexAttributeList":', ' type_flg:', ':')
('---===data:', '', ' type_flg:', ':')
('---===data:', '"Vertex":', ' type_flg:', ':')
('---===data:', '"UniqueID":25', ' type_flg:', ':')
('---===data:', '', ' type_flg:', ':')
('---===data:', '"osg.Geometry":', ' type_flg:', ':')
('---===data:', '', ' type_flg:', ':')
('---===data:', '"UniqueID":79,"PrimitiveSetList":', ' type_flg:', ':')
('---===data:', '', ' type_flg:', ':')
('---===data:', '', ' type_flg:', ':')
('---===data:', '"DrawElementsUShort":', ' type_flg:', ':')
('---===data:', ',"Mode":"LINES"', ' type_flg:', ':')
('---===data:', '"UniqueID":81,"Indices":', ' type_flg:', ':')
('---===data:', ',"ItemSize":1,"Type":"ELEMENT_ARRAY_BUFFER"', ' type_flg:', ':')
('---===data:', '"UniqueID":82,"Array":', ' type_flg:', ':')
('---===data:', '', ' type_flg:', ':')
('---===data:', '"Uint16Array":', ' type_flg:', ':')
('---===data:', '"File":"model_file_wireframe.bin.gz","Size":11922,"Offset":10508,"Encoding":"varint"', ' type_flg:', ':')
('---===data:', ',"UserDataContainer":', ' type_flg:', ':')
('---===data:', '', ' type_flg:', ':')
('---===data:', '"UniqueID":80,"Values":', ' type_flg:', ':')
('---===data:', '', ' type_flg:', ':')
('---===data:', '"Name":"wireframe","Value":"1"', ' type_flg:', ':')
('---===data:', '"Name":"attributes","Value":"1"', ' type_flg:', ':')
('---===data:', ',"VertexAttributeList":', ' type_flg:', ':')
('---===data:', '', ' type_flg:', ':')
('---===data:', '"Vertex":', ' type_flg:', ':')
('---===data:', '"UniqueID":35', ' type_flg:', ':')
('---===data:', '', ' type_flg:', ':')
('---===data:', '"osg.Geometry":', ' type_flg:', ':')
('---===data:', '', ' type_flg:', ':')
('---===data:', '"UniqueID":83,"PrimitiveSetList":', ' type_flg:', ':')
('---===data:', '', ' type_flg:', ':')
('---===data:', '', ' type_flg:', ':')
('---===data:', '"DrawElementsUShort":', ' type_flg:', ':')
('---===data:', ',"Mode":"LINES"', ' type_flg:', ':')
('---===data:', '"UniqueID":85,"Indices":', ' type_flg:', ':')
('---===data:', ',"ItemSize":1,"Type":"ELEMENT_ARRAY_BUFFER"', ' type_flg:', ':')
('---===data:', '"UniqueID":86,"Array":', ' type_flg:', ':')
('---===data:', '', ' type_flg:', ':')
('---===data:', '"Uint16Array":', ' type_flg:', ':')
('---===data:', '"File":"model_file_wireframe.bin.gz","Size":3804,"Offset":33908,"Encoding":"varint"', ' type_flg:', ':')
('---===data:', ',"UserDataContainer":', ' type_flg:', ':')
('---===data:', '', ' type_flg:', ':')
('---===data:', '"UniqueID":84,"Values":', ' type_flg:', ':')
('---===data:', '', ' type_flg:', ':')
('---===data:', '"Name":"wireframe","Value":"1"', ' type_flg:', ':')
('---===data:', '"Name":"attributes","Value":"1"', ' type_flg:', ':')
('---===data:', ',"VertexAttributeList":', ' type_flg:', ':')
('---===data:', '', ' type_flg:', ':')
('---===data:', '"Vertex":', ' type_flg:', ':')
('---===data:', '"UniqueID":50', ' type_flg:', ':')
('---===data:', '', ' type_flg:', ':')
('---===data:', '"osg.Geometry":', ' type_flg:', ':')
('---===data:', '', ' type_flg:', ':')
('---===data:', '"UniqueID":87,"PrimitiveSetList":', ' type_flg:', ':')
('---===data:', '', ' type_flg:', ':')
('---===data:', '', ' type_flg:', ':')
('---===data:', '"DrawElementsUByte":', ' type_flg:', ':')
('---===data:', ',"Mode":"LINES"', ' type_flg:', ':')
('---===data:', '"UniqueID":89,"Indices":', ' type_flg:', ':')
('---===data:', ',"ItemSize":1,"Type":"ELEMENT_ARRAY_BUFFER"', ' type_flg:', ':')
('---===data:', '"UniqueID":90,"Array":', ' type_flg:', ':')
('---===data:', '', ' type_flg:', ':')
('---===data:', '"Uint8Array":', ' type_flg:', ':')
('---===data:', '"File":"model_file_wireframe.bin.gz","Size":100,"Offset":41072', ' type_flg:', ':')
('---===data:', ',"UserDataContainer":', ' type_flg:', ':')
('---===data:', '', ' type_flg:', ':')
('---===data:', '"UniqueID":88,"Values":', ' type_flg:', ':')
('---===data:', '', ' type_flg:', ':')
('---===data:', '"Name":"wireframe","Value":"1"', ' type_flg:', ':')
('---===data:', '"Name":"attributes","Value":"1"', ' type_flg:', ':')
('---===data:', ',"VertexAttributeList":', ' type_flg:', ':')
('---===data:', '', ' type_flg:', ':')
('---===data:', '"Vertex":', ' type_flg:', ':')
('---===data:', '"UniqueID":65', ' type_flg:', ':')
('---===data:', ',"UserDataContainer":', ' type_flg:', ':')
('---===data:', '', ' type_flg:', ':')
('---===data:', '"UniqueID":1,"Values":', ' type_flg:', ':')
('---===data:', '', ' type_flg:', ':')
('---===data:', '"Name":"authoring_tool","Value":"Maya"', ' type_flg:', ':')
('---===data:', '"Name":"units","Value":"centimeters"', ' type_flg:', ':')
('---===data:', '"Name":"source","Value":"wavefront"', ' type_flg:', ':')
('---child', '"osg.Node":')
('---child', '"osg.Node":')
('---child', '"UniqueID":1,"Values":')
('---child', '"osg.Geometry":')
('---DATA:', ',"Mode":"TRIANGLE_STRIP"')
('---===data:', ',"Mode":"TRIANGLE_STRIP"', ' type_flg:', ':')
('---Values', {b'"Mode"': b'"TRIANGLE_STRIP"'})
('---===data:', ',"ItemSize":1,"Type":"ELEMENT_ARRAY_BUFFER"', ' type_flg:', ':')
('---===data:', '"File":"model_file.bin.gz","Size":1893,"Offset":0,"Encoding":"varint"', ' type_flg:', ':')
('---===data:', ',"Mode":"TRIANGLES"', ' type_flg:', ':')
('---===data:', ',"ItemSize":1,"Type":"ELEMENT_ARRAY_BUFFER"', ' type_flg:', ':')
('---===data:', '"File":"model_file.bin.gz","Size":141,"Offset":2412,"Encoding":"varint"', ' type_flg:', ':')
('---===data:', '"Name":"attributes","Value":"55"', ' type_flg:', ':')
('---===data:', '"Name":"vertex_bits","Value":"12"', ' type_flg:', ':')
('---===data:', '"Name":"vertex_mode","Value":"3"', ' type_flg:', ':')
('---===data:', '"Name":"uv_0_bits","Value":"14"', ' type_flg:', ':')
('---===data:', '"Name":"uv_0_mode","Value":"3"', ' type_flg:', ':')
('---===data:', '"Name":"epsilon","Value":"0.25"', ' type_flg:', ':')
('---===data:', '"Name":"nphi","Value":"720"', ' type_flg:', ':')
('---===data:', '"Name":"triangle_mode","Value":"7"', ' type_flg:', ':')
('---===data:', '"Name":"vertex_obits","Value":"16"', ' type_flg:', ':')
('---===data:', '"Name":"vtx_bbl_x","Value":"-0.752089"', ' type_flg:', ':')
('---===data:', '"Name":"vtx_bbl_y","Value":"-1.09205"', ' type_flg:', ':')
('---===data:', '"Name":"vtx_bbl_z","Value":"3.50258"', ' type_flg:', ':')
('---===data:', '"Name":"vtx_h_x","Value":"5.07153e-05"', ' type_flg:', ':')
('---===data:', '"Name":"vtx_h_y","Value":"6.04595e-05"', ' type_flg:', ':')
('---===data:', '"Name":"vtx_h_z","Value":"8.1575e-05"', ' type_flg:', ':')
('---===data:', '"Name":"uv_0_bbl_x","Value":"0.022782"', ' type_flg:', ':')
('---===data:', '"Name":"uv_0_bbl_y","Value":"0.040496"', ' type_flg:', ':')
('---===data:', '"Name":"uv_0_h_x","Value":"0.000116601"', ' type_flg:', ':')
('---===data:', '"Name":"uv_0_h_y","Value":"0.000115639"', ' type_flg:', ':')
('---===data:', ',"ItemSize":2,"Type":"ARRAY_BUFFER"', ' type_flg:', ':')
('---===data:', '"File":"model_file.bin.gz","Size":1465,"Offset":13572,"Encoding":"varint"', ' type_flg:', ':')
('---===data:', ',"ItemSize":3,"Type":"ARRAY_BUFFER"', ' type_flg:', ':')
('---===data:', '"File":"model_file.bin.gz","Size":1465,"Offset":17396,"Encoding":"varint"', ' type_flg:', ':')
('---child', '"osg.Geometry":')
('---DATA:', ',"Mode":"TRIANGLE_STRIP"')
('---===data:', ',"Mode":"TRIANGLE_STRIP"', ' type_flg:', ':')
('---Values', {b'"Mode"': b'"TRIANGLE_STRIP"'})
('---===data:', ',"ItemSize":1,"Type":"ELEMENT_ARRAY_BUFFER"', ' type_flg:', ':')
('---===data:', '"File":"model_file.bin.gz","Size":277,"Offset":25036,"Encoding":"varint"', ' type_flg:', ':')
('---===data:', ',"Mode":"TRIANGLES"', ' type_flg:', ':')
('---===data:', ',"ItemSize":1,"Type":"ELEMENT_ARRAY_BUFFER"', ' type_flg:', ':')
('---===data:', '"File":"model_file.bin.gz","Size":6,"Offset":25368', ' type_flg:', ':')
('---===data:', '"Name":"attributes","Value":"55"', ' type_flg:', ':')
('---===data:', '"Name":"vertex_bits","Value":"12"', ' type_flg:', ':')
('---===data:', '"Name":"vertex_mode","Value":"3"', ' type_flg:', ':')
('---===data:', '"Name":"uv_0_bits","Value":"14"', ' type_flg:', ':')
('---===data:', '"Name":"uv_0_mode","Value":"3"', ' type_flg:', ':')
('---===data:', '"Name":"epsilon","Value":"0.25"', ' type_flg:', ':')
('---===data:', '"Name":"nphi","Value":"720"', ' type_flg:', ':')
('---===data:', '"Name":"triangle_mode","Value":"7"', ' type_flg:', ':')
('---===data:', '"Name":"vertex_obits","Value":"15"', ' type_flg:', ':')
('---===data:', '"Name":"vtx_bbl_x","Value":"-0.188338"', ' type_flg:', ':')
('---===data:', '"Name":"vtx_bbl_y","Value":"-0.982977"', ' type_flg:', ':')
('---===data:', '"Name":"vtx_bbl_z","Value":"3.76647"', ' type_flg:', ':')
('---===data:', '"Name":"vtx_h_x","Value":"5.07153e-05"', ' type_flg:', ':')
('---===data:', '"Name":"vtx_h_y","Value":"6.04595e-05"', ' type_flg:', ':')
('---===data:', '"Name":"vtx_h_z","Value":"8.1575e-05"', ' type_flg:', ':')
('---===data:', '"Name":"uv_0_bbl_x","Value":"0.416255"', ' type_flg:', ':')
('---===data:', '"Name":"uv_0_bbl_y","Value":"0.682358"', ' type_flg:', ':')
('---===data:', '"Name":"uv_0_h_x","Value":"6.83877e-05"', ' type_flg:', ':')
('---===data:', '"Name":"uv_0_h_y","Value":"3.31933e-05"', ' type_flg:', ':')
('---===data:', ',"ItemSize":2,"Type":"ARRAY_BUFFER"', ' type_flg:', ':')
('---===data:', '"File":"model_file.bin.gz","Size":185,"Offset":26760,"Encoding":"varint"', ' type_flg:', ':')
('---===data:', ',"ItemSize":3,"Type":"ARRAY_BUFFER"', ' type_flg:', ':')
('---===data:', '"File":"model_file.bin.gz","Size":185,"Offset":27368,"Encoding":"varint"', ' type_flg:', ':')
('---child', '"osg.Geometry":')
('---DATA:', ',"Mode":"TRIANGLE_STRIP"')
('---===data:', ',"Mode":"TRIANGLE_STRIP"', ' type_flg:', ':')
('---Values', {b'"Mode"': b'"TRIANGLE_STRIP"'})
('---===data:', ',"ItemSize":1,"Type":"ELEMENT_ARRAY_BUFFER"', ' type_flg:', ':')
('---===data:', '"File":"model_file.bin.gz","Size":4777,"Offset":28292,"Encoding":"varint"', ' type_flg:', ':')
('---===data:', ',"Mode":"TRIANGLES"', ' type_flg:', ':')
('---===data:', ',"ItemSize":1,"Type":"ELEMENT_ARRAY_BUFFER"', ' type_flg:', ':')
('---===data:', '"File":"model_file.bin.gz","Size":426,"Offset":34472,"Encoding":"varint"', ' type_flg:', ':')
('---===data:', '"Name":"attributes","Value":"55"', ' type_flg:', ':')
('---===data:', '"Name":"vertex_bits","Value":"16"', ' type_flg:', ':')
('---===data:', '"Name":"vertex_mode","Value":"3"', ' type_flg:', ':')
('---===data:', '"Name":"uv_0_bits","Value":"14"', ' type_flg:', ':')
('---===data:', '"Name":"uv_0_mode","Value":"3"', ' type_flg:', ':')
('---===data:', '"Name":"epsilon","Value":"0.25"', ' type_flg:', ':')
('---===data:', '"Name":"nphi","Value":"720"', ' type_flg:', ':')
('---===data:', '"Name":"triangle_mode","Value":"7"', ' type_flg:', ':')
('---===data:', '"Name":"vertex_obits","Value":"16"', ' type_flg:', ':')
('---===data:', '"Name":"vtx_bbl_x","Value":"-1.09492"', ' type_flg:', ':')
('---===data:', '"Name":"vtx_bbl_y","Value":"-1.02306"', ' type_flg:', ':')
('---===data:', '"Name":"vtx_bbl_z","Value":"2.78374"', ' type_flg:', ':')
('---===data:', '"Name":"vtx_h_x","Value":"5.07153e-05"', ' type_flg:', ':')
('---===data:', '"Name":"vtx_h_y","Value":"6.04595e-05"', ' type_flg:', ':')
('---===data:', '"Name":"vtx_h_z","Value":"8.1575e-05"', ' type_flg:', ':')
('---===data:', '"Name":"uv_0_bbl_x","Value":"0.021925"', ' type_flg:', ':')
('---===data:', '"Name":"uv_0_bbl_y","Value":"0.02001"', ' type_flg:', ':')
('---===data:', '"Name":"uv_0_h_x","Value":"0.000116916"', ' type_flg:', ':')
('---===data:', '"Name":"uv_0_h_y","Value":"0.000117365"', ' type_flg:', ':')
('---===data:', ',"ItemSize":2,"Type":"ARRAY_BUFFER"', ' type_flg:', ':')
('---===data:', '"File":"model_file.bin.gz","Size":3316,"Offset":59848,"Encoding":"varint"', ' type_flg:', ':')
('---===data:', ',"ItemSize":3,"Type":"ARRAY_BUFFER"', ' type_flg:', ':')
('---===data:', '"File":"model_file.bin.gz","Size":3316,"Offset":68304,"Encoding":"varint"', ' type_flg:', ':')
('---child', '"osg.Geometry":')
('---DATA:', ',"Mode":"TRIANGLE_STRIP"')
('---===data:', ',"Mode":"TRIANGLE_STRIP"', ' type_flg:', ':')
('---Values', {b'"Mode"': b'"TRIANGLE_STRIP"'})
('---===data:', ',"ItemSize":1,"Type":"ELEMENT_ARRAY_BUFFER"', ' type_flg:', ':')
('---===data:', '"File":"model_file.bin.gz","Size":1388,"Offset":84984,"Encoding":"varint"', ' type_flg:', ':')
('---===data:', ',"Mode":"TRIANGLES"', ' type_flg:', ':')
('---===data:', ',"ItemSize":1,"Type":"ELEMENT_ARRAY_BUFFER"', ' type_flg:', ':')
('---===data:', '"File":"model_file.bin.gz","Size":60,"Offset":86696,"Encoding":"varint"', ' type_flg:', ':')
('---===data:', '"Name":"attributes","Value":"55"', ' type_flg:', ':')
('---===data:', '"Name":"vertex_bits","Value":"16"', ' type_flg:', ':')
('---===data:', '"Name":"vertex_mode","Value":"3"', ' type_flg:', ':')
('---===data:', '"Name":"uv_0_bits","Value":"14"', ' type_flg:', ':')
('---===data:', '"Name":"uv_0_mode","Value":"3"', ' type_flg:', ':')
('---===data:', '"Name":"epsilon","Value":"0.25"', ' type_flg:', ':')
('---===data:', '"Name":"nphi","Value":"720"', ' type_flg:', ':')
('---===data:', '"Name":"triangle_mode","Value":"7"', ' type_flg:', ':')
('---===data:', '"Name":"vertex_obits","Value":"17"', ' type_flg:', ':')
('---===data:', '"Name":"vtx_bbl_x","Value":"-1.67729"', ' type_flg:', ':')
('---===data:', '"Name":"vtx_bbl_y","Value":"-1.29398"', ' type_flg:', ':')
('---===data:', '"Name":"vtx_bbl_z","Value":"0.0167152"', ' type_flg:', ':')
('---===data:', '"Name":"vtx_h_x","Value":"5.07153e-05"', ' type_flg:', ':')
('---===data:', '"Name":"vtx_h_y","Value":"6.04595e-05"', ' type_flg:', ':')
('---===data:', '"Name":"vtx_h_z","Value":"8.1575e-05"', ' type_flg:', ':')
('---===data:', '"Name":"uv_0_bbl_x","Value":"0.02006"', ' type_flg:', ':')
('---===data:', '"Name":"uv_0_bbl_y","Value":"0.038838"', ' type_flg:', ':')
('---===data:', '"Name":"uv_0_h_x","Value":"0.000118934"', ' type_flg:', ':')
('---===data:', '"Name":"uv_0_h_y","Value":"0.000113581"', ' type_flg:', ':')
('---===data:', ',"ItemSize":2,"Type":"ARRAY_BUFFER"', ' type_flg:', ':')
('---===data:', '"File":"model_file.bin.gz","Size":1069,"Offset":94764,"Encoding":"varint"', ' type_flg:', ':')
('---===data:', ',"ItemSize":3,"Type":"ARRAY_BUFFER"', ' type_flg:', ':')
('---===data:', '"File":"model_file.bin.gz","Size":1069,"Offset":97512,"Encoding":"varint"', ' type_flg:', ':')
('---child', '"osg.Geometry":')
('---DATA:', ',"Mode":"TRIANGLE_STRIP"')
('---===data:', ',"Mode":"TRIANGLE_STRIP"', ' type_flg:', ':')
('---Values', {b'"Mode"': b'"TRIANGLE_STRIP"'})
('---===data:', ',"ItemSize":1,"Type":"ELEMENT_ARRAY_BUFFER"', ' type_flg:', ':')
('---===data:', '"File":"model_file.bin.gz","Size":31,"Offset":102804,"Encoding":"varint"', ' type_flg:', ':')
('---===data:', '"Name":"attributes","Value":"55"', ' type_flg:', ':')
('---===data:', '"Name":"vertex_bits","Value":"12"', ' type_flg:', ':')
('---===data:', '"Name":"vertex_mode","Value":"3"', ' type_flg:', ':')
('---===data:', '"Name":"uv_0_bits","Value":"12"', ' type_flg:', ':')
('---===data:', '"Name":"uv_0_mode","Value":"3"', ' type_flg:', ':')
('---===data:', '"Name":"epsilon","Value":"0.25"', ' type_flg:', ':')
('---===data:', '"Name":"nphi","Value":"720"', ' type_flg:', ':')
('---===data:', '"Name":"triangle_mode","Value":"7"', ' type_flg:', ':')
('---===data:', '"Name":"vertex_obits","Value":"14"', ' type_flg:', ':')
('---===data:', '"Name":"vtx_bbl_x","Value":"-0.539795"', ' type_flg:', ':')
('---===data:', '"Name":"vtx_bbl_y","Value":"-0.99918"', ' type_flg:', ':')
('---===data:', '"Name":"vtx_bbl_z","Value":"5.55321"', ' type_flg:', ':')
('---===data:', '"Name":"vtx_h_x","Value":"5.07153e-05"', ' type_flg:', ':')
('---===data:', '"Name":"vtx_h_y","Value":"6.04595e-05"', ' type_flg:', ':')
('---===data:', '"Name":"vtx_h_z","Value":"8.1575e-05"', ' type_flg:', ':')
('---===data:', '"Name":"uv_0_bbl_x","Value":"0.566278"', ' type_flg:', ':')
('---===data:', '"Name":"uv_0_bbl_y","Value":"0.714904"', ' type_flg:', ':')
('---===data:', '"Name":"uv_0_h_x","Value":"9.39531e-05"', ' type_flg:', ':')
('---===data:', '"Name":"uv_0_h_y","Value":"4.52047e-05"', ' type_flg:', ':')
('---===data:', ',"ItemSize":2,"Type":"ARRAY_BUFFER"', ' type_flg:', ':')
('---===data:', '"File":"model_file.bin.gz","Size":32,"Offset":103088,"Encoding":"varint"', ' type_flg:', ':')
('---===data:', ',"ItemSize":3,"Type":"ARRAY_BUFFER"', ' type_flg:', ':')
('---===data:', '"File":"model_file.bin.gz","Size":32,"Offset":103204,"Encoding":"varint"', ' type_flg:', ':')
('---child', '"osg.Geometry":')
('---===data:', ',"Mode":"LINES"', ' type_flg:', ':')
('---===data:', '"Name":"wireframe","Value":"1"', ' type_flg:', ':')
('---===data:', '"Name":"attributes","Value":"1"', ' type_flg:', ':')
('---===data:', '"UniqueID":10', ' type_flg:', ':')
('---child', '"osg.Geometry":')
('---===data:', ',"Mode":"LINES"', ' type_flg:', ':')
('---===data:', '"Name":"wireframe","Value":"1"', ' type_flg:', ':')
('---===data:', '"Name":"attributes","Value":"1"', ' type_flg:', ':')
('---===data:', '"UniqueID":25', ' type_flg:', ':')
('---child', '"osg.Geometry":')
('---===data:', ',"Mode":"LINES"', ' type_flg:', ':')
('---===data:', '"Name":"wireframe","Value":"1"', ' type_flg:', ':')
('---===data:', '"Name":"attributes","Value":"1"', ' type_flg:', ':')
('---===data:', '"UniqueID":35', ' type_flg:', ':')
('---child', '"osg.Geometry":')
('---===data:', ',"Mode":"LINES"', ' type_flg:', ':')
('---===data:', '"Name":"wireframe","Value":"1"', ' type_flg:', ':')
('---===data:', '"Name":"attributes","Value":"1"', ' type_flg:', ':')
('---===data:', '"UniqueID":50', ' type_flg:', ':')
('---child', '"osg.Geometry":')
('---===data:', ',"Mode":"LINES"', ' type_flg:', ':')
('---===data:', '"Name":"wireframe","Value":"1"', ' type_flg:', ':')
('---===data:', '"Name":"attributes","Value":"1"', ' type_flg:', ':')
('---===data:', '"UniqueID":65', ' type_flg:', ':')
('---===data:', '"UniqueID":3,"PrimitiveSetList":', ' type_flg:', 's')
('---===data:', '"UniqueID":4,"AttributeList":', ' type_flg:', ':')
('---===data:', '1,1,1,1', ' type_flg:', 'f')
('---===data:', '"UniqueID":4,"AttributeList":', ' type_flg:', ':')
('---===data:', ',"TextureAttributeList":', ' type_flg:', ':')
('---===data:', ',"UserDataContainer":', ' type_flg:', ':')
('---===data:', '"UniqueID":6,"File":"textures/0159c56a7f2d496d838385cd0724a204/6fc641be69194c8b9153b9684fff27d9.png","MagFilter":"LINEAR","MinFilter":"LINEAR_MIPMAP_LINEAR","WrapS":"REPEAT","WrapT":"REPEAT"', ' type_flg:', ':')
('---===data:', '"UniqueID":18,"PrimitiveSetList":', ' type_flg:', 's')
('---===data:', '"UniqueID":19,"AttributeList":', ' type_flg:', ':')
('---===data:', '1,1,1,1', ' type_flg:', 'f')
('---===data:', '"UniqueID":19,"AttributeList":', ' type_flg:', ':')
('---===data:', ',"TextureAttributeList":', ' type_flg:', ':')
('---===data:', ',"UserDataContainer":', ' type_flg:', ':')
('---===data:', '"UniqueID":21,"File":"textures/5ec3de03cc56486a93804e072a5c32c1/087d9e4c861249fba3bde4565524d9fd.png","MagFilter":"LINEAR","MinFilter":"LINEAR_MIPMAP_LINEAR","WrapS":"REPEAT","WrapT":"REPEAT"', ' type_flg:', ':')
('---===data:', '"UniqueID":33,"PrimitiveSetList":', ' type_flg:', 's')
('---===data:', '"UniqueID":19', ' type_flg:', ':')
('---===data:', '"UniqueID":43,"PrimitiveSetList":', ' type_flg:', 's')
('---===data:', '"UniqueID":44,"AttributeList":', ' type_flg:', ':')
('---===data:', '1,1,1,1', ' type_flg:', 'f')
('---===data:', '"UniqueID":44,"AttributeList":', ' type_flg:', ':')
('---===data:', ',"TextureAttributeList":', ' type_flg:', ':')
('---===data:', ',"UserDataContainer":', ' type_flg:', ':')
('---===data:', '"UniqueID":46,"File":"textures/ce303ac659e7437abd73d540c8893dcc/9580649b225b43f7b3b297b487067aef.png","MagFilter":"LINEAR","MinFilter":"LINEAR_MIPMAP_LINEAR","WrapS":"REPEAT","WrapT":"REPEAT"', ' type_flg:', ':')
('---===data:', '"UniqueID":58,"PrimitiveSetList":', ' type_flg:', 's')
('---===data:', '"UniqueID":59,"AttributeList":', ' type_flg:', ':')
('---===data:', '1,1,1,1', ' type_flg:', 'f')
('---===data:', '"UniqueID":59,"AttributeList":', ' type_flg:', ':')
('---===data:', ',"TextureAttributeList":', ' type_flg:', ':')
('---===data:', ',"UserDataContainer":', ' type_flg:', ':')
('---===data:', '"UniqueID":61,"File":"textures/5ec3de03cc56486a93804e072a5c32c1/087d9e4c861249fba3bde4565524d9fd.png","MagFilter":"LINEAR","MinFilter":"LINEAR_MIPMAP_LINEAR","WrapS":"REPEAT","WrapT":"REPEAT"', ' type_flg:', ':')
('---===data:', '"UniqueID":71,"PrimitiveSetList":', ' type_flg:', 's')
('---===data:', '"UniqueID":75,"PrimitiveSetList":', ' type_flg:', 's')
('---===data:', '"UniqueID":79,"PrimitiveSetList":', ' type_flg:', 's')
('---===data:', '"UniqueID":83,"PrimitiveSetList":', ' type_flg:', 's')
('---===data:', '"UniqueID":87,"PrimitiveSetList":', ' type_flg:', 's')
Send meshes to startpose?%t|Yes|No 1
('Mesh #:', 0, 'vert:', 0, 'col:', 0, 'uv:', 0, 'indice:', 0, 'mat:', 0, 'skin:', 0)
('Mesh #:', 1, 'vert:', 0, 'col:', 0, 'uv:', 0, 'indice:', 0, 'mat:', 0, 'skin:', 0)
('Mesh #:', 2, 'vert:', 0, 'col:', 0, 'uv:', 0, 'indice:', 0, 'mat:', 0, 'skin:', 0)
('Mesh #:', 3, 'vert:', 0, 'col:', 0, 'uv:', 0, 'indice:', 0, 'mat:', 0, 'skin:', 0)
('Mesh #:', 4, 'vert:', 0, 'col:', 0, 'uv:', 0, 'indice:', 0, 'mat:', 0, 'skin:', 0)
('Mesh #:', 5, 'vert:', 0, 'col:', 0, 'uv:', 0, 'indice:', 0, 'mat:', 0, 'skin:', 0)
('Mesh #:', 6, 'vert:', 0, 'col:', 0, 'uv:', 0, 'indice:', 0, 'mat:', 0, 'skin:', 0)
('Mesh #:', 7, 'vert:', 0, 'col:', 0, 'uv:', 0, 'indice:', 0, 'mat:', 0, 'skin:', 0)
('Mesh #:', 8, 'vert:', 0, 'col:', 0, 'uv:', 0, 'indice:', 0, 'mat:', 0, 'skin:', 0)
('Mesh #:', 9, 'vert:', 0, 'col:', 0, 'uv:', 0, 'indice:', 0, 'mat:', 0, 'skin:', 0)
almost ready C:\Users\Rodrigo\Downloads\sketchfab\PythonRipper\Models\Maria Naruse\file.osgjs
